# JRE version: Java(TM) SE Runtime Environment (8.0_121-b13) (build 1.8.0_121-b13)
# Java VM: Java HotSpot(TM) 64-Bit Server VM (25.121-b13 mixed mode windows-amd64 compressed oops)
Heap:
 PSYoungGen      total 86528K, used 49601K [0x0000000780980000, 0x0000000786780000, 0x00000007c0000000)
  eden space 78336K, 61% used [0x0000000780980000,0x00000007838d8778,0x0000000785600000)
  from space 8192K, 13% used [0x0000000785e80000,0x0000000785f98000,0x0000000786680000)
  to   space 8704K, 0% used [0x0000000785600000,0x0000000785600000,0x0000000785e80000)
 ParOldGen       total 131072K, used 5905K [0x0000000701c00000, 0x0000000709c00000, 0x0000000780980000)
  object space 131072K, 4% used [0x0000000701c00000,0x00000007021c4480,0x0000000709c00000)
 Metaspace       used 10705K, capacity 10896K, committed 11136K, reserved 1058816K
  class space    used 1278K, capacity 1354K, committed 1408K, reserved 1048576K
GC Heap History (10 events):
Event: 0.991 GC heap before
{Heap before GC invocations=6 (full 0):
 PSYoungGen      total 57344K, used 54661K [0x0000000780980000, 0x0000000784980000, 0x00000007c0000000)
  eden space 49152K, 100% used [0x0000000780980000,0x0000000783980000,0x0000000783980000)
  from space 8192K, 67% used [0x0000000783980000,0x0000000783ee1440,0x0000000784180000)
  to   space 8192K, 0% used [0x0000000784180000,0x0000000784180000,0x0000000784980000)
 ParOldGen       total 131072K, used 48K [0x0000000701c00000, 0x0000000709c00000, 0x0000000780980000)
  object space 131072K, 0% used [0x0000000701c00000,0x0000000701c0c000,0x0000000709c00000)
 Metaspace       used 10181K, capacity 10416K, committed 10624K, reserved 1058816K
  class space    used 1230K, capacity 1322K, committed 1408K, reserved 1048576K
Event: 0.994 GC heap after
Heap after GC invocations=6 (full 0):
 PSYoungGen      total 57344K, used 5509K [0x0000000780980000, 0x0000000784980000, 0x00000007c0000000)
  eden space 49152K, 0% used [0x0000000780980000,0x0000000780980000,0x0000000783980000)
  from space 8192K, 67% used [0x0000000784180000,0x00000007846e1420,0x0000000784980000)
  to   space 8192K, 0% used [0x0000000783980000,0x0000000783980000,0x0000000784180000)
 ParOldGen       total 131072K, used 48K [0x0000000701c00000, 0x0000000709c00000, 0x0000000780980000)
  object space 131072K, 0% used [0x0000000701c00000,0x0000000701c0c000,0x0000000709c00000)
 Metaspace       used 10181K, capacity 10416K, committed 10624K, reserved 1058816K
  class space    used 1230K, capacity 1322K, committed 1408K, reserved 1048576K
}
Event: 1.059 GC heap before
{Heap before GC invocations=7 (full 0):
 PSYoungGen      total 57344K, used 54661K [0x0000000780980000, 0x0000000784980000, 0x00000007c0000000)
  eden space 49152K, 100% used [0x0000000780980000,0x0000000783980000,0x0000000783980000)
  from space 8192K, 67% used [0x0000000784180000,0x00000007846e1420,0x0000000784980000)
  to   space 8192K, 0% used [0x0000000783980000,0x0000000783980000,0x0000000784180000)
 ParOldGen       total 131072K, used 48K [0x0000000701c00000, 0x0000000709c00000, 0x0000000780980000)
  object space 131072K, 0% used [0x0000000701c00000,0x0000000701c0c000,0x0000000709c00000)
 Metaspace       used 10397K, capacity 10576K, committed 10880K, reserved 1058816K
  class space    used 1261K, capacity 1354K, committed 1408K, reserved 1048576K
Event: 1.065 GC heap after
Heap after GC invocations=7 (full 0):
 PSYoungGen      total 57344K, used 384K [0x0000000780980000, 0x0000000784980000, 0x00000007c0000000)
  eden space 49152K, 0% used [0x0000000780980000,0x0000000780980000,0x0000000783980000)
  from space 8192K, 4% used [0x0000000783980000,0x00000007839e0000,0x0000000784180000)
  to   space 8192K, 0% used [0x0000000784180000,0x0000000784180000,0x0000000784980000)
 ParOldGen       total 131072K, used 5497K [0x0000000701c00000, 0x0000000709c00000, 0x0000000780980000)
  object space 131072K, 4% used [0x0000000701c00000,0x000000070215e480,0x0000000709c00000)
 Metaspace       used 10397K, capacity 10576K, committed 10880K, reserved 1058816K
  class space    used 1261K, capacity 1354K, committed 1408K, reserved 1048576K
}
Event: 1.138 GC heap before
{Heap before GC invocations=8 (full 0):
 PSYoungGen      total 57344K, used 49536K [0x0000000780980000, 0x0000000784980000, 0x00000007c0000000)
  eden space 49152K, 100% used [0x0000000780980000,0x0000000783980000,0x0000000783980000)
  from space 8192K, 4% used [0x0000000783980000,0x00000007839e0000,0x0000000784180000)
  to   space 8192K, 0% used [0x0000000784180000,0x0000000784180000,0x0000000784980000)
 ParOldGen       total 131072K, used 5497K [0x0000000701c00000, 0x0000000709c00000, 0x0000000780980000)
  object space 131072K, 4% used [0x0000000701c00000,0x000000070215e480,0x0000000709c00000)
 Metaspace       used 10503K, capacity 10704K, committed 10880K, reserved 1058816K
  class space    used 1263K, capacity 1354K, committed 1408K, reserved 1048576K
Event: 1.139 GC heap after
Heap after GC invocations=8 (full 0):
 PSYoungGen      total 57344K, used 448K [0x0000000780980000, 0x0000000784980000, 0x00000007c0000000)
  eden space 49152K, 0% used [0x0000000780980000,0x0000000780980000,0x0000000783980000)
  from space 8192K, 5% used [0x0000000784180000,0x00000007841f0000,0x0000000784980000)
  to   space 8192K, 0% used [0x0000000783980000,0x0000000783980000,0x0000000784180000)
 ParOldGen       total 131072K, used 5529K [0x0000000701c00000, 0x0000000709c00000, 0x0000000780980000)
  object space 131072K, 4% used [0x0000000701c00000,0x0000000702166480,0x0000000709c00000)
 Metaspace       used 10503K, capacity 10704K, committed 10880K, reserved 1058816K
  class space    used 1263K, capacity 1354K, committed 1408K, reserved 1048576K
}
Event: 1.211 GC heap before
{Heap before GC invocations=9 (full 0):
 PSYoungGen      total 57344K, used 49600K [0x0000000780980000, 0x0000000784980000, 0x00000007c0000000)
  eden space 49152K, 100% used [0x0000000780980000,0x0000000783980000,0x0000000783980000)
  from space 8192K, 5% used [0x0000000784180000,0x00000007841f0000,0x0000000784980000)
  to   space 8192K, 0% used [0x0000000783980000,0x0000000783980000,0x0000000784180000)
 ParOldGen       total 131072K, used 5529K [0x0000000701c00000, 0x0000000709c00000, 0x0000000780980000)
  object space 131072K, 4% used [0x0000000701c00000,0x0000000702166480,0x0000000709c00000)
 Metaspace       used 10556K, capacity 10768K, committed 10880K, reserved 1058816K
  class space    used 1263K, capacity 1354K, committed 1408K, reserved 1048576K
Event: 1.213 GC heap after
Heap after GC invocations=9 (full 0):
 PSYoungGen      total 57344K, used 928K [0x0000000780980000, 0x0000000786680000, 0x00000007c0000000)
  eden space 49152K, 0% used [0x0000000780980000,0x0000000780980000,0x0000000783980000)
  from space 8192K, 11% used [0x0000000783980000,0x0000000783a68000,0x0000000784180000)
  to   space 8192K, 0% used [0x0000000785e80000,0x0000000785e80000,0x0000000786680000)
 ParOldGen       total 131072K, used 5545K [0x0000000701c00000, 0x0000000709c00000, 0x0000000780980000)
  object space 131072K, 4% used [0x0000000701c00000,0x000000070216a480,0x0000000709c00000)
 Metaspace       used 10556K, capacity 10768K, committed 10880K, reserved 1058816K
  class space    used 1263K, capacity 1354K, committed 1408K, reserved 1048576K
}
Event: 1.295 GC heap before
{Heap before GC invocations=10 (full 0):
 PSYoungGen      total 57344K, used 50080K [0x0000000780980000, 0x0000000786680000, 0x00000007c0000000)
  eden space 49152K, 100% used [0x0000000780980000,0x0000000783980000,0x0000000783980000)
  from space 8192K, 11% used [0x0000000783980000,0x0000000783a68000,0x0000000784180000)
  to   space 8192K, 0% used [0x0000000785e80000,0x0000000785e80000,0x0000000786680000)
 ParOldGen       total 131072K, used 5545K [0x0000000701c00000, 0x0000000709c00000, 0x0000000780980000)
  object space 131072K, 4% used [0x0000000701c00000,0x000000070216a480,0x0000000709c00000)
 Metaspace       used 10590K, capacity 10768K, committed 10880K, reserved 1058816K
  class space    used 1266K, capacity 1354K, committed 1408K, reserved 1048576K
Event: 1.297 GC heap after
Heap after GC invocations=10 (full 0):
 PSYoungGen      total 86528K, used 1120K [0x0000000780980000, 0x0000000786780000, 0x00000007c0000000)
  eden space 78336K, 0% used [0x0000000780980000,0x0000000780980000,0x0000000785600000)
  from space 8192K, 13% used [0x0000000785e80000,0x0000000785f98000,0x0000000786680000)
  to   space 8704K, 0% used [0x0000000785600000,0x0000000785600000,0x0000000785e80000)
 ParOldGen       total 131072K, used 5905K [0x0000000701c00000, 0x0000000709c00000, 0x0000000780980000)
  object space 131072K, 4% used [0x0000000701c00000,0x00000007021c4480,0x0000000709c00000)
 Metaspace       used 10590K, capacity 10768K, committed 10880K, reserved 1058816K
  class space    used 1266K, capacity 1354K, committed 1408K, reserved 1048576K
}

