# JRE version: Java(TM) SE Runtime Environment (8.0_121-b13) (build 1.8.0_121-b13)
# Java VM: Java HotSpot(TM) 64-Bit Server VM (25.121-b13 mixed mode windows-amd64 compressed oops)
Heap:
 PSYoungGen      total 87040K, used 68276K [0x0000000780980000, 0x0000000786780000, 0x00000007c0000000)
  eden space 78336K, 86% used [0x0000000780980000,0x0000000784bfd008,0x0000000785600000)
  from space 8704K, 2% used [0x0000000785600000,0x0000000785630000,0x0000000785e80000)
  to   space 8192K, 0% used [0x0000000785e80000,0x0000000785e80000,0x0000000786680000)
 ParOldGen       total 131072K, used 13285K [0x0000000701c00000, 0x0000000709c00000, 0x0000000780980000)
  object space 131072K, 10% used [0x0000000701c00000,0x00000007028f9580,0x0000000709c00000)
 Metaspace       used 10892K, capacity 11120K, committed 11392K, reserved 1058816K
  class space    used 1297K, capacity 1386K, committed 1408K, reserved 1048576K
GC Heap History (10 events):
Event: 0.998 GC heap before
{Heap before GC invocations=7 (full 0):
 PSYoungGen      total 57344K, used 54661K [0x0000000780980000, 0x0000000784980000, 0x00000007c0000000)
  eden space 49152K, 100% used [0x0000000780980000,0x0000000783980000,0x0000000783980000)
  from space 8192K, 67% used [0x0000000784180000,0x00000007846e1420,0x0000000784980000)
  to   space 8192K, 0% used [0x0000000783980000,0x0000000783980000,0x0000000784180000)
 ParOldGen       total 131072K, used 48K [0x0000000701c00000, 0x0000000709c00000, 0x0000000780980000)
  object space 131072K, 0% used [0x0000000701c00000,0x0000000701c0c000,0x0000000709c00000)
 Metaspace       used 10474K, capacity 10704K, committed 10880K, reserved 1058816K
  class space    used 1261K, capacity 1354K, committed 1408K, reserved 1048576K
Event: 1.004 GC heap after
Heap after GC invocations=7 (full 0):
 PSYoungGen      total 57344K, used 544K [0x0000000780980000, 0x0000000784980000, 0x00000007c0000000)
  eden space 49152K, 0% used [0x0000000780980000,0x0000000780980000,0x0000000783980000)
  from space 8192K, 6% used [0x0000000783980000,0x0000000783a08000,0x0000000784180000)
  to   space 8192K, 0% used [0x0000000784180000,0x0000000784180000,0x0000000784980000)
 ParOldGen       total 131072K, used 11763K [0x0000000701c00000, 0x0000000709c00000, 0x0000000780980000)
  object space 131072K, 8% used [0x0000000701c00000,0x000000070277cca0,0x0000000709c00000)
 Metaspace       used 10474K, capacity 10704K, committed 10880K, reserved 1058816K
  class space    used 1261K, capacity 1354K, committed 1408K, reserved 1048576K
}
Event: 1.093 GC heap before
{Heap before GC invocations=8 (full 0):
 PSYoungGen      total 57344K, used 49696K [0x0000000780980000, 0x0000000784980000, 0x00000007c0000000)
  eden space 49152K, 100% used [0x0000000780980000,0x0000000783980000,0x0000000783980000)
  from space 8192K, 6% used [0x0000000783980000,0x0000000783a08000,0x0000000784180000)
  to   space 8192K, 0% used [0x0000000784180000,0x0000000784180000,0x0000000784980000)
 ParOldGen       total 131072K, used 11763K [0x0000000701c00000, 0x0000000709c00000, 0x0000000780980000)
  object space 131072K, 8% used [0x0000000701c00000,0x000000070277cca0,0x0000000709c00000)
 Metaspace       used 10536K, capacity 10768K, committed 10880K, reserved 1058816K
  class space    used 1262K, capacity 1354K, committed 1408K, reserved 1048576K
Event: 1.095 GC heap after
Heap after GC invocations=8 (full 0):
 PSYoungGen      total 57344K, used 704K [0x0000000780980000, 0x0000000784980000, 0x00000007c0000000)
  eden space 49152K, 0% used [0x0000000780980000,0x0000000780980000,0x0000000783980000)
  from space 8192K, 8% used [0x0000000784180000,0x0000000784230000,0x0000000784980000)
  to   space 8192K, 0% used [0x0000000783980000,0x0000000783980000,0x0000000784180000)
 ParOldGen       total 131072K, used 11787K [0x0000000701c00000, 0x0000000709c00000, 0x0000000780980000)
  object space 131072K, 8% used [0x0000000701c00000,0x0000000702782ca0,0x0000000709c00000)
 Metaspace       used 10536K, capacity 10768K, committed 10880K, reserved 1058816K
  class space    used 1262K, capacity 1354K, committed 1408K, reserved 1048576K
}
Event: 1.154 GC heap before
{Heap before GC invocations=9 (full 0):
 PSYoungGen      total 57344K, used 49856K [0x0000000780980000, 0x0000000784980000, 0x00000007c0000000)
  eden space 49152K, 100% used [0x0000000780980000,0x0000000783980000,0x0000000783980000)
  from space 8192K, 8% used [0x0000000784180000,0x0000000784230000,0x0000000784980000)
  to   space 8192K, 0% used [0x0000000783980000,0x0000000783980000,0x0000000784180000)
 ParOldGen       total 131072K, used 11787K [0x0000000701c00000, 0x0000000709c00000, 0x0000000780980000)
  object space 131072K, 8% used [0x0000000701c00000,0x0000000702782ca0,0x0000000709c00000)
 Metaspace       used 10570K, capacity 10768K, committed 10880K, reserved 1058816K
  class space    used 1262K, capacity 1354K, committed 1408K, reserved 1048576K
Event: 1.155 GC heap after
Heap after GC invocations=9 (full 0):
 PSYoungGen      total 57344K, used 1184K [0x0000000780980000, 0x0000000786680000, 0x00000007c0000000)
  eden space 49152K, 0% used [0x0000000780980000,0x0000000780980000,0x0000000783980000)
  from space 8192K, 14% used [0x0000000783980000,0x0000000783aa8000,0x0000000784180000)
  to   space 8192K, 0% used [0x0000000785e80000,0x0000000785e80000,0x0000000786680000)
 ParOldGen       total 131072K, used 11819K [0x0000000701c00000, 0x0000000709c00000, 0x0000000780980000)
  object space 131072K, 9% used [0x0000000701c00000,0x000000070278aca0,0x0000000709c00000)
 Metaspace       used 10570K, capacity 10768K, committed 10880K, reserved 1058816K
  class space    used 1262K, capacity 1354K, committed 1408K, reserved 1048576K
}
Event: 1.230 GC heap before
{Heap before GC invocations=10 (full 0):
 PSYoungGen      total 57344K, used 50336K [0x0000000780980000, 0x0000000786680000, 0x00000007c0000000)
  eden space 49152K, 100% used [0x0000000780980000,0x0000000783980000,0x0000000783980000)
  from space 8192K, 14% used [0x0000000783980000,0x0000000783aa8000,0x0000000784180000)
  to   space 8192K, 0% used [0x0000000785e80000,0x0000000785e80000,0x0000000786680000)
 ParOldGen       total 131072K, used 11819K [0x0000000701c00000, 0x0000000709c00000, 0x0000000780980000)
  object space 131072K, 9% used [0x0000000701c00000,0x000000070278aca0,0x0000000709c00000)
 Metaspace       used 10597K, capacity 10832K, committed 11136K, reserved 1058816K
  class space    used 1265K, capacity 1354K, committed 1408K, reserved 1048576K
Event: 1.233 GC heap after
Heap after GC invocations=10 (full 0):
 PSYoungGen      total 86528K, used 928K [0x0000000780980000, 0x0000000786780000, 0x00000007c0000000)
  eden space 78336K, 0% used [0x0000000780980000,0x0000000780980000,0x0000000785600000)
  from space 8192K, 11% used [0x0000000785e80000,0x0000000785f68000,0x0000000786680000)
  to   space 8704K, 0% used [0x0000000785600000,0x0000000785600000,0x0000000785e80000)
 ParOldGen       total 131072K, used 12395K [0x0000000701c00000, 0x0000000709c00000, 0x0000000780980000)
  object space 131072K, 9% used [0x0000000701c00000,0x000000070281aca0,0x0000000709c00000)
 Metaspace       used 10597K, capacity 10832K, committed 11136K, reserved 1058816K
  class space    used 1265K, capacity 1354K, committed 1408K, reserved 1048576K
}
Event: 1.335 GC heap before
{Heap before GC invocations=11 (full 0):
 PSYoungGen      total 86528K, used 79264K [0x0000000780980000, 0x0000000786780000, 0x00000007c0000000)
  eden space 78336K, 100% used [0x0000000780980000,0x0000000785600000,0x0000000785600000)
  from space 8192K, 11% used [0x0000000785e80000,0x0000000785f68000,0x0000000786680000)
  to   space 8704K, 0% used [0x0000000785600000,0x0000000785600000,0x0000000785e80000)
 ParOldGen       total 131072K, used 12395K [0x0000000701c00000, 0x0000000709c00000, 0x0000000780980000)
  object space 131072K, 9% used [0x0000000701c00000,0x000000070281aca0,0x0000000709c00000)
 Metaspace       used 10892K, capacity 11120K, committed 11392K, reserved 1058816K
  class space    used 1297K, capacity 1386K, committed 1408K, reserved 1048576K
Event: 1.337 GC heap after
Heap after GC invocations=11 (full 0):
 PSYoungGen      total 87040K, used 192K [0x0000000780980000, 0x0000000786780000, 0x00000007c0000000)
  eden space 78336K, 0% used [0x0000000780980000,0x0000000780980000,0x0000000785600000)
  from space 8704K, 2% used [0x0000000785600000,0x0000000785630000,0x0000000785e80000)
  to   space 8192K, 0% used [0x0000000785e80000,0x0000000785e80000,0x0000000786680000)
 ParOldGen       total 131072K, used 13285K [0x0000000701c00000, 0x0000000709c00000, 0x0000000780980000)
  object space 131072K, 10% used [0x0000000701c00000,0x00000007028f9580,0x0000000709c00000)
 Metaspace       used 10892K, capacity 11120K, committed 11392K, reserved 1058816K
  class space    used 1297K, capacity 1386K, committed 1408K, reserved 1048576K
}

